<?xml version="1.0" encoding="UTF-8"?>
<testsuite name="SimpleMathTest" tests="1" skipped="0" failures="0" errors="0" timestamp="2024-05-06T20:51:02" hostname="10-249-188-101.wireless.oregonstate.edu" time="0.025">
  <properties/>
  <testcase name="divide()" classname="SimpleMathTest" time="0.025"/>
  <system-out><![CDATA[]]></system-out>
  <system-err><![CDATA[]]></system-err>
</testsuite>
